#
# There is insufficient memory for the Java Runtime Environment to continue.
# Native memory allocation (mmap) failed to map 264241152 bytes for G1 virtual space
# Possible reasons:
#   The system is out of physical RAM or swap space
#   The process is running with CompressedOops enabled, and the Java Heap may be blocking the growth of the native heap
# Possible solutions:
#   Reduce memory load on the system
#   Increase physical memory or swap space
#   Check if swap backing store is full
#   Decrease Java heap size (-Xmx/-Xms)
#   Decrease number of Java threads
#   Decrease Java thread stack sizes (-Xss)
#   Set larger code cache with -XX:ReservedCodeCacheSize=
#   JVM is running with Zero Based Compressed Oops mode in which the Java heap is
#     placed in the first 32GB address space. The Java Heap base address is the
#     maximum limit for the native heap growth. Please use -XX:HeapBaseMinAddress
#     to set the Java Heap base and to place the Java Heap above 32GB virtual address.
# This output file may be truncated or incomplete.
#
#  Out of Memory Error (os_windows.cpp:3528), pid=5900, tid=7876
#
# JRE version:  (20.0+36) (build )
# Java VM: Java HotSpot(TM) 64-Bit Server VM (20+36-2344, mixed mode, emulated-client, sharing, tiered, compressed oops, compressed class ptrs, g1 gc, windows-amd64)
# No core dump will be written. Minidumps are not enabled by default on client versions of Windows
#

---------------  S U M M A R Y ------------

Command Line: -XX:TieredStopAtLevel=1 com.studentManagement.StudentManagementApplication

Host: 11th Gen Intel(R) Core(TM) i5-1135G7 @ 2.40GHz, 8 cores, 15G,  Windows 11 , 64 bit Build 22621 (10.0.22621.2506)
Time: Fri Dec  1 20:39:34 2023 India Standard Time elapsed time: 0.010219 seconds (0d 0h 0m 0s)

---------------  T H R E A D  ---------------

Current thread (0x000001a602c44e50):  JavaThread "Unknown thread" [_thread_in_vm, id=7876, stack(0x0000006c3ed00000,0x0000006c3ee00000)]

Stack: [0x0000006c3ed00000,0x0000006c3ee00000]
Native frames: (J=compiled Java code, j=interpreted, Vv=VM code, C=native code)
V  [jvm.dll+0x6bb95a]
V  [jvm.dll+0x8483aa]
V  [jvm.dll+0x849fa5]
V  [jvm.dll+0x84a6a3]
V  [jvm.dll+0x280b0f]
V  [jvm.dll+0x6b86e9]
V  [jvm.dll+0x6ad2da]
V  [jvm.dll+0x35adf5]
V  [jvm.dll+0x363016]
V  [jvm.dll+0x3b3b3e]
V  [jvm.dll+0x3b3dc5]
V  [jvm.dll+0x32b50a]
V  [jvm.dll+0x32c32b]
V  [jvm.dll+0x81106f]
V  [jvm.dll+0x3c0d91]
V  [jvm.dll+0x7fcd93]
V  [jvm.dll+0x44c76f]
V  [jvm.dll+0x44e0e1]
C  [jli.dll+0x5287]
C  [ucrtbase.dll+0x29363]
C  [KERNEL32.DLL+0x1257d]
C  [ntdll.dll+0x5aa58]


---------------  P R O C E S S  ---------------

Threads class SMR info:
_java_thread_list=0x00007ffd53fba098, length=0, elements={
}

Java Threads: ( => current thread )

Other Threads:
  0x000001a602cb2420 WorkerThread "GC Thread#0" [stack: 0x0000006c3ee00000,0x0000006c3ef00000] [id=20412]
  0x000001a602cc4e90 ConcurrentGCThread "G1 Main Marker" [stack: 0x0000006c3ef00000,0x0000006c3f000000] [id=6780]
  0x000001a602cc5a60 WorkerThread "G1 Conc#0" [stack: 0x0000006c3f000000,0x0000006c3f100000] [id=11896]

[error occurred during error reporting (printing all threads), id 0xc0000005, EXCEPTION_ACCESS_VIOLATION (0xc0000005) at pc=0x00007ffd5379eb47]
VM state: not at safepoint (not fully initialized)

VM Mutex/Monitor currently owned by a thread:  ([mutex/lock_event])
[0x000001a602c3ed70] Heap_lock - owner thread: 0x000001a602c44e50

Heap address: 0x0000000704c00000, size: 4020 MB, Compressed Oops mode: Zero based, Oop shift amount: 3

CDS archive(s) mapped at: [0x0000000000000000-0x0000000000000000-0x0000000000000000), size 0, SharedBaseAddress: 0x0000000800000000, ArchiveRelocationMode: 0.
Narrow klass base: 0x0000000000000000, Narrow klass shift: 0, Narrow klass range: 0x0

GC Precious Log:
 CardTable entry size: 512
 Card Set container configuration: InlinePtr #cards 4 size 8 Array Of Cards #cards 16 size 48 Howl #buckets 8 coarsen threshold 3686 Howl Bitmap #cards 512 size 80 coarsen threshold 460 Card regions per heap region 1 cards per card region 4096

Heap:
 garbage-first heap   total 0K, used 0K [0x0000000704c00000, 0x0000000800000000)
  region size 2048K, 0 young (0K), 0 survivors (0K)

[error occurred during error reporting (printing heap information), id 0xc0000005, EXCEPTION_ACCESS_VIOLATION (0xc0000005) at pc=0x00007ffd53b73c59]
GC Heap History (0 events):
No events

Dll operation events (1 events):
Event: 0.006 Loaded shared library C:\Program Files\Java\jdk-20\bin\java.dll

Deoptimization events (0 events):
No events

Classes loaded (0 events):
No events

Classes unloaded (0 events):
No events

Classes redefined (0 events):
No events

Internal exceptions (0 events):
No events

VM Operations (0 events):
No events

Events (0 events):
No events


Dynamic libraries:
0x00007ff7123c0000 - 0x00007ff7123d0000 	C:\Program Files\Java\jdk-20\bin\java.exe
0x00007ffda30b0000 - 0x00007ffda32c7000 	C:\WINDOWS\SYSTEM32\ntdll.dll
0x00007ffda1850000 - 0x00007ffda1914000 	C:\WINDOWS\System32\KERNEL32.DLL
0x00007ffda07c0000 - 0x00007ffda0b65000 	C:\WINDOWS\System32\KERNELBASE.dll
0x00007ffda0bf0000 - 0x00007ffda0d01000 	C:\WINDOWS\System32\ucrtbase.dll
0x00007ffd82d90000 - 0x00007ffd82da9000 	C:\Program Files\Java\jdk-20\bin\jli.dll
0x00007ffd81900000 - 0x00007ffd8191b000 	C:\Program Files\Java\jdk-20\bin\VCRUNTIME140.dll
0x00007ffda2ae0000 - 0x00007ffda2b91000 	C:\WINDOWS\System32\ADVAPI32.dll
0x00007ffda1220000 - 0x00007ffda12c7000 	C:\WINDOWS\System32\msvcrt.dll
0x00007ffda29d0000 - 0x00007ffda2a76000 	C:\WINDOWS\System32\sechost.dll
0x00007ffda2f50000 - 0x00007ffda3067000 	C:\WINDOWS\System32\RPCRT4.dll
0x00007ffda2c40000 - 0x00007ffda2dee000 	C:\WINDOWS\System32\USER32.dll
0x00007ffda0d10000 - 0x00007ffda0d36000 	C:\WINDOWS\System32\win32u.dll
0x00007ffd8ad70000 - 0x00007ffd8b003000 	C:\WINDOWS\WinSxS\amd64_microsoft.windows.common-controls_6595b64144ccf1df_6.0.22621.2506_none_270c5ae97388e100\COMCTL32.dll
0x00007ffda2c10000 - 0x00007ffda2c39000 	C:\WINDOWS\System32\GDI32.dll
0x00007ffda0630000 - 0x00007ffda0749000 	C:\WINDOWS\System32\gdi32full.dll
0x00007ffda0420000 - 0x00007ffda04ba000 	C:\WINDOWS\System32\msvcp_win.dll
0x00007ffd927c0000 - 0x00007ffd927ca000 	C:\WINDOWS\SYSTEM32\VERSION.dll
0x00007ffda2320000 - 0x00007ffda2351000 	C:\WINDOWS\System32\IMM32.DLL
0x00007ffd90ed0000 - 0x00007ffd90edc000 	C:\Program Files\Java\jdk-20\bin\vcruntime140_1.dll
0x00007ffd655b0000 - 0x00007ffd6563e000 	C:\Program Files\Java\jdk-20\bin\msvcp140.dll
0x00007ffd53460000 - 0x00007ffd540f7000 	C:\Program Files\Java\jdk-20\bin\server\jvm.dll
0x00007ffd94990000 - 0x00007ffd949c4000 	C:\WINDOWS\SYSTEM32\WINMM.dll
0x00007ffd727a0000 - 0x00007ffd727a9000 	C:\WINDOWS\SYSTEM32\WSOCK32.dll
0x00007ffda12d0000 - 0x00007ffda1341000 	C:\WINDOWS\System32\WS2_32.dll
0x00007ffd9f510000 - 0x00007ffd9f528000 	C:\WINDOWS\SYSTEM32\kernel.appcore.dll
0x00007ffd88fe0000 - 0x00007ffd88fea000 	C:\Program Files\Java\jdk-20\bin\jimage.dll
0x00007ffd9b4d0000 - 0x00007ffd9b703000 	C:\WINDOWS\SYSTEM32\DBGHELP.DLL
0x00007ffda13e0000 - 0x00007ffda1769000 	C:\WINDOWS\System32\combase.dll
0x00007ffda1770000 - 0x00007ffda1847000 	C:\WINDOWS\System32\OLEAUT32.dll
0x00007ffd8eea0000 - 0x00007ffd8eed2000 	C:\WINDOWS\SYSTEM32\dbgcore.DLL
0x00007ffda0b70000 - 0x00007ffda0bea000 	C:\WINDOWS\System32\bcryptPrimitives.dll
0x00007ffd808c0000 - 0x00007ffd808e6000 	C:\Program Files\Java\jdk-20\bin\java.dll

dbghelp: loaded successfully - version: 4.0.5 - missing functions: none
symbol engine: initialized successfully - sym options: 0x614 - pdb path: .;C:\Program Files\Java\jdk-20\bin;C:\WINDOWS\SYSTEM32;C:\WINDOWS\WinSxS\amd64_microsoft.windows.common-controls_6595b64144ccf1df_6.0.22621.2506_none_270c5ae97388e100;C:\Program Files\Java\jdk-20\bin\server

VM Arguments:
jvm_args: -XX:TieredStopAtLevel=1 
java_command: com.studentManagement.StudentManagementApplication
java_class_path (initial): E:\studentManagement\studentManagement\target\classes;C:\Users\Anurag Choudhary\.m2\repository\org\springframework\spring-aop\6.1.1\spring-aop-6.1.1.jar;C:\Users\Anurag Choudhary\.m2\repository\org\aspectj\aspectjweaver\1.9.20.1\aspectjweaver-1.9.20.1.jar;C:\Users\Anurag Choudhary\.m2\repository\com\zaxxer\HikariCP\5.0.1\HikariCP-5.0.1.jar;C:\Users\Anurag Choudhary\.m2\repository\org\springframework\spring-jdbc\6.1.1\spring-jdbc-6.1.1.jar;C:\Users\Anurag Choudhary\.m2\repository\org\hibernate\orm\hibernate-core\6.3.1.Final\hibernate-core-6.3.1.Final.jar;C:\Users\Anurag Choudhary\.m2\repository\jakarta\persistence\jakarta.persistence-api\3.1.0\jakarta.persistence-api-3.1.0.jar;C:\Users\Anurag Choudhary\.m2\repository\jakarta\transaction\jakarta.transaction-api\2.0.1\jakarta.transaction-api-2.0.1.jar;C:\Users\Anurag Choudhary\.m2\repository\org\jboss\logging\jboss-logging\3.5.3.Final\jboss-logging-3.5.3.Final.jar;C:\Users\Anurag Choudhary\.m2\repository\org\hibernate\common\hibernate-commons-annotations\6.0.6.Final\hibernate-commons-annotations-6.0.6.Final.jar;C:\Users\Anurag Choudhary\.m2\repository\io\smallrye\jandex\3.1.2\jandex-3.1.2.jar;C:\Users\Anurag Choudhary\.m2\repository\com\fasterxml\classmate\1.6.0\classmate-1.6.0.jar;C:\Users\Anurag Choudhary\.m2\repository\net\bytebuddy\byte-buddy\1.14.10\byte-buddy-1.14.10.jar;C:\Users\Anurag Choudhary\.m2\repository\org\glassfish\jaxb\jaxb-runtime\4.0.4\jaxb-runtime-4.0.4.jar;C:\Users\Anurag Choudhary\.m2\repository\org\glassfish\jaxb\jaxb-core\4.0.4\jaxb-core-4.0.4.jar;C:\Users\Anurag Choudhary\.m2\repository\org\eclipse\angus\angus-activation\2.0.1\angus-activation-2.0.1.jar;C:\Users\Anurag Choudhary\.m2\repository\org\glassfish\jaxb\txw2\4.0.4\txw2-4.0.4.jar;C:\Users\Anurag Choudhary\.m2\repository\com\sun\istack\istack-commons-runtime\4.1.2\istack-commons-runtime-4.1.2.jar;C:\Users\Anurag Choudhary\.m2\repository\jakarta\inject\jakarta.inject-api\2.0.1\jakarta.inject-api-2.0.1.jar;C:\Users\Anurag Choudhary\.m2\repository\org\antlr\antlr4-runtime\4.10.1\antlr4-runtime-4.10.1.jar;C:\Users\Anurag Choudhary\.m2\repository\org\springframework\data\spring-data-jpa\3.2.0\spring-data-jpa-3.2.0.jar;C:\Users\Anurag Choudhary\.m2\repository\org\springframework\data\spring-data-commons\3.2.0\spring-data-commons-3.2.0.jar;C:\Users\Anurag Choudhary\.m2\repository\org\springframework\spring-orm\6.1.1\spring-orm-6.1.1.jar;C:\Users\Anurag Choudhary\.m2\repository\org\springframework\spring-context\6.1.1\spring-context-6.1.1.jar;C:\Users\Anurag Choudhary\.m2\repository\org\springframework\spring-tx\6.1.1\spring-tx-6.1.1.jar;C:\Users\Anurag Choudhary\.m2\repository\org\springframework\spring-beans\6.1.1\spring-beans-6.1.1.jar;C:\Users\Anurag Choudhary\.m2\repository\jakarta\annotation\jakarta.annotation-api\2.1.1\jakarta.annotation-api-2.1.1.jar;C:\Users\Anurag Choudhary\.m2\repository\org\slf4j\slf4j-api\2.0.9\slf4j-api-2.0.9.jar;C:\Users\Anurag Choudhary\.m2\repository\org\springframework\spring-aspects\6.1.1\spring-aspects-6.1.1.jar;C:\Users\Anurag Choudhary\.m2\repository\ch\qos\logback\logback-classic\1.4.11\logback-classic-1.4.11.jar;C:\Users\Anurag Choudhary\.m2\repository\ch\qos\logback\logback-core\1.4.11\logback-core-1.4.11.jar;C:\Users\Anurag Choudhary\.m2\repository\org\apache\logging\log4j\log4j-to-slf4j\2.21.1\log4j-to-slf4j-2.21.1.jar;C:\Users\Anurag Choudhary\.m2\repository\org\apache\logging\log4j\log4j-api\2.21.1\log4j-api-2.21.1.jar;C:\Users\Anurag Choudhary\.m2\repository\org\slf4j\jul-to-slf4j\2.0.9\jul-to-slf4j-2.0.9.jar;C:\Users\Anurag Choudhary\.m2\repository\org\yaml\snakeyaml\2.2\snakeyaml-2.2.jar;C:\Users\Anurag Choudhary\.m2\repository\com\fasterxml\jackson\core\jackson-databind\2.15.3\jackson-databind-2.15.3.jar;C:\Users\Anurag Choudhary\.m2\repository\com\fasterxml\jackson\core\jackson-annotations\2.15.3\jackson-annotations-2.15.3.jar;C:\Users\Anurag Choudhary\.m2\repository\com\fasterxml\jackson\core\jackson-core\2.15.3\jackson-core-2.15.3.jar;C:\Users\Anurag Choudhary\.m2\repository\com\fasterxml\jackson\datatype\jackson-datatype-jdk8\2.15.3\jackson-datatype-jdk8-2.15.3.jar;C:\Users\Anurag Choudhary\.m2\repository\com\fasterxml\jackson\datatype\jackson-datatype-jsr310\2.15.3\jackson-datatype-jsr310-2.15.3.jar;C:\Users\Anurag Choudhary\.m2\repository\com\fasterxml\jackson\module\jackson-module-parameter-names\2.15.3\jackson-module-parameter-names-2.15.3.jar;C:\Users\Anurag Choudhary\.m2\repository\org\apache\tomcat\embed\tomcat-embed-core\10.1.16\tomcat-embed-core-10.1.16.jar;C:\Users\Anurag Choudhary\.m2\repository\org\apache\tomcat\embed\tomcat-embed-websocket\10.1.16\tomcat-embed-websocket-10.1.16.jar;C:\Users\Anurag Choudhary\.m2\repository\org\springframework\spring-web\6.1.1\spring-web-6.1.1.jar;C:\Users\Anurag Choudhary\.m2\repository\io\micrometer\micrometer-observation\1.12.0\micrometer-observation-1.12.0.jar;C:\Users\Anurag Choudhary\.m2\repository\io\micrometer\micrometer-commons\1.12.0\micrometer-commons-1.12.0.jar;C:\Users\Anurag Choudhary\.m2\repository\org\springframework\spring-webmvc\6.1.1\spring-webmvc-6.1.1.jar;C:\Users\Anurag Choudhary\.m2\repository\org\springframework\spring-expression\6.1.1\spring-expression-6.1.1.jar;C:\Users\Anurag Choudhary\.m2\repository\com\mysql\mysql-connector-j\8.1.0\mysql-connector-j-8.1.0.jar;C:\Users\Anurag Choudhary\.m2\repository\jakarta\xml\bind\jakarta.xml.bind-api\4.0.1\jakarta.xml.bind-api-4.0.1.jar;C:\Users\Anurag Choudhary\.m2\repository\jakarta\activation\jakarta.activation-api\2.1.2\jakarta.activation-api-2.1.2.jar;C:\Users\Anurag Choudhary\.m2\repository\org\springframework\spring-core\6.1.1\spring-core-6.1.1.jar;C:\Users\Anurag Choudhary\.m2\repository\org\springframework\spring-jcl\6.1.1\spring-jcl-6.1.1.jar;C:\Users\Anurag Choudhary\.m2\repository\org\apache\tomcat\embed\tomcat-embed-el\10.1.16\tomcat-embed-el-10.1.16.jar;C:\Users\Anurag Choudhary\.m2\repository\org\hibernate\validator\hibernate-validator\8.0.1.Final\hibernate-validator-8.0.1.Final.jar;C:\Users\Anurag Choudhary\.m2\repository\jakarta\validation\jakarta.validation-api\3.0.2\jakarta.validation-api-3.0.2.jar;C:\Users\Anurag Choudhary\.m2\repository\org\springframework\boot\spring-boot-devtools\3.2.0\spring-boot-devtools-3.2.0.jar;C:\Users\Anurag Choudhary\.m2\repository\org\springframework\boot\spring-boot\3.2.0\spring-boot-3.2.0.jar;C:\Users\Anurag Choudhary\.m2\repository\org\springframework\boot\spring-boot-autoconfigure\3.2.0\spring-boot-autoconfigure-3.2.0.jar;C:\Users\Anurag Choudhary\.m2\repository\org\projectlombok\lombok\1.18.30\lombok-1.18.30.jar
Launcher Type: SUN_STANDARD

[Global flags]
     intx CICompilerCount                          = 4                                         {product} {ergonomic}
     uint ConcGCThreads                            = 2                                         {product} {ergonomic}
     uint G1ConcRefinementThreads                  = 8                                         {product} {ergonomic}
   size_t G1HeapRegionSize                         = 2097152                                   {product} {ergonomic}
    uintx GCDrainStackTargetSize                   = 64                                        {product} {ergonomic}
   size_t InitialHeapSize                          = 264241152                                 {product} {ergonomic}
   size_t MarkStackSize                            = 4194304                                   {product} {ergonomic}
   size_t MaxHeapSize                              = 4215275520                                {product} {ergonomic}
   size_t MinHeapDeltaBytes                        = 2097152                                   {product} {ergonomic}
   size_t MinHeapSize                              = 8388608                                   {product} {ergonomic}
    uintx NonProfiledCodeHeapSize                  = 0                                      {pd product} {ergonomic}
     bool ProfileInterpreter                       = false                                  {pd product} {command line}
    uintx ProfiledCodeHeapSize                     = 0                                      {pd product} {ergonomic}
   size_t SoftMaxHeapSize                          = 4215275520                             {manageable} {ergonomic}
     intx TieredStopAtLevel                        = 1                                         {product} {command line}
     bool UseCompressedClassPointers               = true                           {product lp64_product} {ergonomic}
     bool UseCompressedOops                        = true                           {product lp64_product} {ergonomic}
     bool UseG1GC                                  = true                                      {product} {ergonomic}
     bool UseLargePagesIndividualAllocation        = false                                  {pd product} {ergonomic}

Logging:
Log output configuration:
 #0: stdout all=warning uptime,level,tags foldmultilines=false
 #1: stderr all=off uptime,level,tags foldmultilines=false

Environment Variables:
JAVA_HOME=C:\Program Files\Java\jdk-20
PATH=C:\Program Files\Python312\Scripts\;C:\Program Files\Python312\;C:\Program Files\Git\bin;C:\Program Files\Java\jdk-20\bin;C:\apache-maven-3.9.2\bin;C:\Windows\System32\WindowsPowerShell\v1.0;C:\Program Files\MySQL\MySQL Server 8.0\bin;C:\Windows\System32;C:\Program Files\MongoDB\Server\7.0\bin;C:\Users\Anurag Choudhary\Downloads\mongosh-2.0.2-win32-x64\mongosh-2.0.2-win32-x64\bin;C:\ProgramData\chocolatey\bin;C:\Program Files\Docker\Docker\resources\bin;C:\Users\Anurag Choudhary\AppData\Local\Microsoft\WindowsApps;C:\Users\Anurag Choudhary\AppData\Local\Programs\Microsoft VS Code\bin;C:\Program Files\nodejs;C:\Users\Anurag Choudhary\AppData\Roaming\npm;C:\Program Files\JetBrains\IntelliJ IDEA Community Edition 2023.2.3\bin;;C:\Program Files\Python312\;C:\Program Files\PostgreSQL\15\bin;
USERNAME=Anurag Choudhary
OS=Windows_NT
PROCESSOR_IDENTIFIER=Intel64 Family 6 Model 140 Stepping 1, GenuineIntel
TMP=C:\TEMP
TEMP=C:\TEMP




---------------  S Y S T E M  ---------------

OS:
 Windows 11 , 64 bit Build 22621 (10.0.22621.2506)
OS uptime: 0 days 8:45 hours
Hyper-V role detected

CPU: total 8 (initial active 8) (4 cores per cpu, 2 threads per core) family 6 model 140 stepping 1 microcode 0xa6, cx8, cmov, fxsr, ht, mmx, 3dnowpref, sse, sse2, sse3, ssse3, sse4.1, sse4.2, popcnt, lzcnt, tsc, tscinvbit, avx, avx2, aes, erms, clmul, bmi1, bmi2, adx, avx512f, avx512dq, avx512cd, avx512bw, avx512vl, sha, fma, vzeroupper, avx512_vpopcntdq, avx512_vpclmulqdq, avx512_vaes, avx512_vnni, clflush, clflushopt, clwb, avx512_vbmi2, avx512_vbmi, hv, rdtscp, rdpid, fsrm, gfni, avx512_bitalg, f16c, cet_ibt, cet_ss, avx512_ifma

Memory: 4k page, system-wide physical 16078M (1479M free)
TotalPageFile size 18126M (AvailPageFile size 132M)
current process WorkingSet (physical memory assigned to process): 11M, peak: 11M
current process commit charge ("private bytes"): 55M, peak: 307M

vm_info: Java HotSpot(TM) 64-Bit Server VM (20+36-2344) for windows-amd64 JRE (20+36-2344), built on 2023-02-10T19:30:15Z by "mach5one" with MS VC++ 17.1 (VS2022)

END.
